[2026-02-04 08:32:35] Native host started
[2026-02-04 08:32:35] Using web directory: C:\Users\adria\eyetracker\web
[2026-02-04 08:32:35] Received command: startServer port=8888
[2026-02-04 08:32:36] Started server process on port 8888 with C:\Python313\python.exe
[2026-02-04 08:32:37] Server is listening on port 8888
[2026-02-04 08:32:37] No more messages, exiting
[2026-02-04 08:43:49] Native host started
[2026-02-04 08:43:49] Using web directory: C:\Users\adria\eyetracker\web
[2026-02-04 08:43:49] Received command: startServer port=8888
[2026-02-04 08:43:49] Server already running on port 8888
[2026-02-04 08:43:49] No more messages, exiting
[2026-02-04 09:20:23] Native host started
[2026-02-04 09:20:23] Using web directory: C:\Users\adria\eyetracker\web
[2026-02-04 09:20:23] Received command: startServer port=8888
[2026-02-04 09:20:23] Server already running on port 8888
[2026-02-04 09:20:23] No more messages, exiting
[2026-02-04 09:21:27] Native host started
[2026-02-04 09:21:27] Using web directory: C:\Users\adria\eyetracker\web
[2026-02-04 09:21:27] Received command: startServer port=8888
[2026-02-04 09:21:27] Server already running on port 8888
[2026-02-04 09:21:27] No more messages, exiting
[2026-02-04 10:29:40] Native host started
[2026-02-04 10:29:40] Using web directory: C:\Users\adria\eyetracker\web
[2026-02-04 10:29:40] Received command: startServer port=8888
[2026-02-04 10:29:40] Server already running on port 8888
[2026-02-04 10:29:40] No more messages, exiting
[2026-02-04 10:29:42] Native host started
[2026-02-04 10:29:42] Using web directory: C:\Users\adria\eyetracker\web
[2026-02-04 10:29:42] Received command: startServer port=8888
[2026-02-04 10:29:42] Server already running on port 8888
[2026-02-04 10:29:42] No more messages, exiting
[2026-02-04 10:30:49] Native host started
[2026-02-04 10:30:49] Using web directory: C:\Users\adria\eyetracker\web
[2026-02-04 10:30:49] Received command: startServer port=8888
[2026-02-04 10:30:49] Server already running on port 8888
[2026-02-04 10:30:49] No more messages, exiting
[2026-02-04 10:30:51] Native host started
[2026-02-04 10:30:51] Using web directory: C:\Users\adria\eyetracker\web
[2026-02-04 10:30:51] Received command: startServer port=8888
[2026-02-04 10:30:51] Server already running on port 8888
[2026-02-04 10:30:51] No more messages, exiting
[2026-02-04 10:39:28] Native host started
[2026-02-04 10:39:28] Using web directory: C:\Users\adria\eyetracker\web
[2026-02-04 10:39:28] Received command: startServer port=8888
[2026-02-04 10:39:28] Server already running on port 8888
[2026-02-04 10:39:28] No more messages, exiting
[2026-02-04 10:53:27] Native host started
[2026-02-04 10:53:27] Using web directory: C:\Users\adria\eyetracker\web
[2026-02-04 10:53:27] Received command: startServer port=8888
[2026-02-04 10:53:27] Server already running on port 8888
[2026-02-04 10:53:27] No more messages, exiting
[2026-02-04 10:59:42] Native host started
[2026-02-04 10:59:42] Using web directory: C:\Users\adria\eyetracker\web
[2026-02-04 10:59:42] Received command: startServer port=8888
[2026-02-04 10:59:42] Server already running on port 8888
[2026-02-04 10:59:42] No more messages, exiting
[2026-02-04 11:09:42] Native host started
[2026-02-04 11:09:42] Using web directory: C:\Users\adria\eyetracker\web
[2026-02-04 11:09:42] Received command: startServer port=8888
[2026-02-04 11:09:42] Server already running on port 8888
[2026-02-04 11:09:42] No more messages, exiting
[2026-02-04 11:19:56] Native host started
[2026-02-04 11:19:56] Using web directory: C:\Users\adria\eyetracker\web
[2026-02-04 11:19:56] Received command: startServer port=8888
[2026-02-04 11:19:56] Server already running on port 8888
[2026-02-04 11:19:56] No more messages, exiting
[2026-02-04 11:22:16] Native host started
[2026-02-04 11:22:16] Using web directory: C:\Users\adria\eyetracker\web
[2026-02-04 11:22:16] Received command: startServer port=8888
[2026-02-04 11:22:16] Server already running on port 8888
[2026-02-04 11:22:16] No more messages, exiting
[2026-02-04 11:39:27] Native host started
[2026-02-04 11:39:27] Using web directory: C:\Users\adria\eyetracker\web
[2026-02-04 11:39:27] Received command: startServer port=8888
[2026-02-04 11:39:27] Server already running on port 8888
[2026-02-04 11:39:27] No more messages, exiting
[2026-02-04 11:40:27] Native host started
[2026-02-04 11:40:27] Using web directory: C:\Users\adria\eyetracker\web
[2026-02-04 11:40:27] Received command: startServer port=8888
[2026-02-04 11:40:27] Server already running on port 8888
[2026-02-04 11:40:27] No more messages, exiting
[2026-02-04 11:47:24] Native host started
[2026-02-04 11:47:24] Using web directory: C:\Users\adria\eyetracker\web
[2026-02-04 11:47:24] Received command: startServer port=8888
[2026-02-04 11:47:24] Server already running on port 8888
[2026-02-04 11:47:24] No more messages, exiting
[2026-02-06 09:51:32] Native host started
[2026-02-06 09:51:32] Using web directory: C:\Users\adria\eyetracker\web
[2026-02-06 09:51:32] Received command: startServer port=8888
[2026-02-06 09:51:32] Server already running on port 8888
[2026-02-06 09:51:32] No more messages, exiting
[2026-02-06 09:57:03] Native host started
[2026-02-06 09:57:03] Using web directory: C:\Users\adria\eyetracker\web
[2026-02-06 09:57:03] Received command: startServer port=8888
[2026-02-06 09:57:03] Server already running on port 8888
[2026-02-06 09:57:03] No more messages, exiting
[2026-02-06 10:39:33] Native host started
[2026-02-06 10:39:33] Using web directory: C:\Users\adria\eyetracker\web
[2026-02-06 10:39:33] Received command: startServer port=8888
[2026-02-06 10:39:33] Server already running on port 8888
[2026-02-06 10:39:33] No more messages, exiting
[2026-02-06 10:42:11] Native host started
[2026-02-06 10:42:11] Using web directory: C:\Users\adria\eyetracker\web
[2026-02-06 10:42:11] Received command: startServer port=8888
[2026-02-06 10:42:11] Server already running on port 8888
[2026-02-06 10:42:11] No more messages, exiting
[2026-02-06 10:42:21] Native host started
[2026-02-06 10:42:21] Using web directory: C:\Users\adria\eyetracker\web
[2026-02-06 10:42:21] Received command: startServer port=8888
[2026-02-06 10:42:21] Server already running on port 8888
[2026-02-06 10:42:21] No more messages, exiting
[2026-02-12 10:50:38] Native host started
[2026-02-12 10:50:38] Using web directory: C:\Users\adria\eyetracker\web
[2026-02-12 10:50:38] Received command: startServer port=8888
[2026-02-12 10:50:38] Started server process on port 8888 with C:\Python313\python.exe
[2026-02-12 10:50:39] Server is listening on port 8888
[2026-02-12 10:50:39] No more messages, exiting
[2026-02-12 10:50:40] Native host started
[2026-02-12 10:50:40] Using web directory: C:\Users\adria\eyetracker\web
[2026-02-12 10:50:40] Received command: startServer port=8888
[2026-02-12 10:50:40] Server already running on port 8888
[2026-02-12 10:50:40] No more messages, exiting
[2026-02-12 10:51:49] Native host started
[2026-02-12 10:51:49] Using web directory: C:\Users\adria\eyetracker\web
[2026-02-12 10:51:49] Received command: startServer port=8888
[2026-02-12 10:51:49] Server already running on port 8888
[2026-02-12 10:51:49] No more messages, exiting
[2026-02-12 10:52:53] Native host started
[2026-02-12 10:52:53] Using web directory: C:\Users\adria\eyetracker\web
[2026-02-12 10:52:53] Received command: startServer port=8888
[2026-02-12 10:52:53] Server already running on port 8888
[2026-02-12 10:52:53] No more messages, exiting
[2026-02-12 10:54:25] Native host started
[2026-02-12 10:54:25] Using web directory: C:\Users\adria\eyetracker\web
[2026-02-12 10:54:25] Received command: startServer port=8888
[2026-02-12 10:54:25] Server already running on port 8888
[2026-02-12 10:54:25] No more messages, exiting
